<?xml version="1.0" encoding="UTF-8" ?>
<testsuite tests="16" failures="0" name="Steps.RunnerCucumberTest" time="0.036" errors="0" skipped="0">
  <properties>
[...]
</properties>
  <testcase classname="Scenario: Title of your scenario" name="Given I want to write a step with precondition" time="0.016"/>
  <testcase classname="Scenario: Title of your scenario" name="And some other precondition" time="0"/>
  <testcase classname="Scenario: Title of your scenario" name="When I complete action" time="0"/>
  <testcase classname="Scenario: Title of your scenario" name="And some other action" time="0"/>
  <testcase classname="Scenario: Title of your scenario" name="And yet another action" time="0"/>
  <testcase classname="Scenario: Title of your scenario" name="Then I validate the outcomes" time="0"/>
  <testcase classname="Scenario: Title of your scenario" name="And check more outcomes" time="0"/>
  <testcase classname="Scenario: Title of your scenario" name="Scenario: Title of your scenario" time="0.004"/>
  <testcase classname="| name1 | 5 | success |" name="Given I want to write a step with name1" time="0"/>
  <testcase classname="| name1 | 5 | success |" name="When I check for the 5 in step" time="0"/>
  <testcase classname="| name1 | 5 | success |" name="Then I verify the success in step" time="0"/>
  <testcase classname="| name1 | 5 | success |" name="| name1 | 5 | success |" time="0.015"/>
  <testcase classname="| name2 | 7 | Fail |" name="Given I want to write a step with name2" time="0"/>
  <testcase classname="| name2 | 7 | Fail |" name="When I check for the 7 in step" time="0.001"/>
  <testcase classname="| name2 | 7 | Fail |" name="Then I verify the Fail in step" time="0"/>
  <testcase classname="| name2 | 7 | Fail |" name="| name2 | 7 | Fail |" time="0"/>
</testsuite>